Determining if the pthread_create exist failed with the following output:
Change Dir: /home/hsy/tools/scrpts/downsample_pcd/build/CMakeFiles/CMakeTmp

Run Build Command:"/usr/bin/make" "cmTC_79ccd/fast"
/usr/bin/make -f CMakeFiles/cmTC_79ccd.dir/build.make CMakeFiles/cmTC_79ccd.dir/build
make[1]: Entering directory '/home/hsy/tools/scrpts/downsample_pcd/build/CMakeFiles/CMakeTmp'
Building C object CMakeFiles/cmTC_79ccd.dir/CheckSymbolExists.c.o
/usr/bin/cc    -o CMakeFiles/cmTC_79ccd.dir/CheckSymbolExists.c.o   -c /home/hsy/tools/scrpts/downsample_pcd/build/CMakeFiles/CMakeTmp/CheckSymbolExists.c
Linking C executable cmTC_79ccd
/usr/bin/cmake -E cmake_link_script CMakeFiles/cmTC_79ccd.dir/link.txt --verbose=1
/usr/bin/cc      -rdynamic CMakeFiles/cmTC_79ccd.dir/CheckSymbolExists.c.o  -o cmTC_79ccd 
CMakeFiles/cmTC_79ccd.dir/CheckSymbolExists.c.o: In function `main':
CheckSymbolExists.c:(.text+0x1b): undefined reference to `pthread_create'
collect2: error: ld returned 1 exit status
CMakeFiles/cmTC_79ccd.dir/build.make:97: recipe for target 'cmTC_79ccd' failed
make[1]: *** [cmTC_79ccd] Error 1
make[1]: Leaving directory '/home/hsy/tools/scrpts/downsample_pcd/build/CMakeFiles/CMakeTmp'
Makefile:126: recipe for target 'cmTC_79ccd/fast' failed
make: *** [cmTC_79ccd/fast] Error 2

File /home/hsy/tools/scrpts/downsample_pcd/build/CMakeFiles/CMakeTmp/CheckSymbolExists.c:
/* */
#include <pthread.h>

int main(int argc, char** argv)
{
  (void)argv;
#ifndef pthread_create
  return ((int*)(&pthread_create))[argc];
#else
  (void)argc;
  return 0;
#endif
}

Determining if the function pthread_create exists in the pthreads failed with the following output:
Change Dir: /home/hsy/tools/scrpts/downsample_pcd/build/CMakeFiles/CMakeTmp

Run Build Command:"/usr/bin/make" "cmTC_aabee/fast"
/usr/bin/make -f CMakeFiles/cmTC_aabee.dir/build.make CMakeFiles/cmTC_aabee.dir/build
make[1]: Entering directory '/home/hsy/tools/scrpts/downsample_pcd/build/CMakeFiles/CMakeTmp'
Building C object CMakeFiles/cmTC_aabee.dir/CheckFunctionExists.c.o
/usr/bin/cc   -DCHECK_FUNCTION_EXISTS=pthread_create   -o CMakeFiles/cmTC_aabee.dir/CheckFunctionExists.c.o   -c /usr/share/cmake-3.10/Modules/CheckFunctionExists.c
Linking C executable cmTC_aabee
/usr/bin/cmake -E cmake_link_script CMakeFiles/cmTC_aabee.dir/link.txt --verbose=1
/usr/bin/cc  -DCHECK_FUNCTION_EXISTS=pthread_create    -rdynamic CMakeFiles/cmTC_aabee.dir/CheckFunctionExists.c.o  -o cmTC_aabee -lpthreads 
/usr/bin/ld: cannot find -lpthreads
collect2: error: ld returned 1 exit status
CMakeFiles/cmTC_aabee.dir/build.make:97: recipe for target 'cmTC_aabee' failed
make[1]: *** [cmTC_aabee] Error 1
make[1]: Leaving directory '/home/hsy/tools/scrpts/downsample_pcd/build/CMakeFiles/CMakeTmp'
Makefile:126: recipe for target 'cmTC_aabee/fast' failed
make: *** [cmTC_aabee/fast] Error 2


